2025-08-22 16:21:16,115 [ERROR]: Invalid base found in sequence, only use ATGC characters.
2025-08-22 16:21:42,467 [ERROR]: Invalid base found in sequence, only use ATGC characters.
2025-08-22 16:21:55,793 [ERROR]: Invalid base found in sequence, only use ATGC characters.
2025-08-22 16:22:41,704 [ERROR]: Invalid base found in sequence, only use ATGC characters.
2025-08-22 16:23:27,732 [ERROR]: Uracil (U) found in sequence, check that sequence is DNA not RNA.
2025-08-22 16:23:27,733 [ERROR]: Invalid base found in sequence, only use ATGC characters.
2025-09-19 13:27:36,623 [ERROR]: Uracil (U) found in sequence, check that sequence is DNA not RNA.
2025-09-19 13:27:36,623 [ERROR]: Invalid base found in sequence, only use ATGC characters.
2025-09-19 13:28:33,266 [ERROR]: Uracil (U) found in sequence, check that sequence is DNA not RNA.
2025-09-19 13:28:33,266 [ERROR]: Invalid base found in sequence, only use ATGC characters.
2025-09-19 13:52:30,902 [ERROR]: Uracil (U) found in sequence, check that sequence is DNA not RNA.
2025-09-19 13:52:30,903 [ERROR]: Invalid base found in sequence, only use ATGC characters.
2025-09-19 13:53:08,756 [ERROR]: Uracil (U) found in sequence, check that sequence is DNA not RNA.
2025-09-19 13:53:08,756 [ERROR]: Invalid base found in sequence, only use ATGC characters.
2025-09-19 13:53:49,664 [ERROR]: Sequence input must be a string.
2025-09-22 13:53:21,752 [ERROR]: Invalid base found in sequence, only use ATGC characters.
2025-09-24 16:27:49,908 [ERROR]: Chunking failed with exception: unsupported operand type(s) for +: 'int' and 'str'
2025-09-24 16:30:05,817 [ERROR]: Chunking failed with exception: unsupported operand type(s) for +: 'int' and 'str'
2025-09-24 16:31:35,621 [ERROR]: Chunking failed with exception: unsupported operand type(s) for +: 'int' and 'str'
2025-09-24 16:32:07,270 [ERROR]: Chunking failed with exception: unsupported operand type(s) for +: 'int' and 'str'
2025-09-24 16:33:06,435 [ERROR]: Chunking failed with exception: unsupported operand type(s) for +: 'int' and 'str'
2025-09-24 16:33:33,801 [ERROR]: Chunking failed with exception: unsupported operand type(s) for +: 'int' and 'str'
2025-09-24 16:39:18,646 [ERROR]: Chunking failed with exception: unsupported operand type(s) for +: 'int' and 'str'
2025-09-24 16:39:18,778 [ERROR]: Chunking failed with exception: unsupported operand type(s) for +: 'int' and 'str'
2025-09-24 16:54:53,722 [ERROR]: Chunking failed with exception: unsupported operand type(s) for +: 'int' and 'str'
2025-09-25 12:06:07,769 [ERROR]: Chunking failed with exception: 'str' object cannot be interpreted as an integer
2025-09-25 12:06:07,769 [ERROR]: Chunking failed with exception: 'str' object cannot be interpreted as an integer
2025-09-25 12:20:09,095 [ERROR]: Chunking failed with exception: unsupported operand type(s) for +: 'int' and 'str'
2025-09-25 12:23:09,920 [ERROR]: Chunking failed with exception: unsupported operand type(s) for +: 'int' and 'str'
2025-09-25 12:24:35,456 [ERROR]: Sequence input must be a string.
2025-09-25 12:24:35,458 [ERROR]: Uracil (U) found in sequence, check that sequence is DNA not RNA.
2025-09-25 12:24:35,460 [ERROR]: Invalid base found in sequence, only use ATGC characters.
2025-09-25 12:24:58,149 [ERROR]: Chunking failed with exception: unsupported operand type(s) for +: 'int' and 'str'
2025-09-25 12:24:58,158 [ERROR]: Sequence input must be a string.
2025-09-25 12:24:58,160 [ERROR]: Uracil (U) found in sequence, check that sequence is DNA not RNA.
2025-09-25 12:24:58,164 [ERROR]: Invalid base found in sequence, only use ATGC characters.
2025-09-25 12:29:02,010 [ERROR]: Chunking failed with exception: unsupported operand type(s) for +: 'int' and 'str'
2025-09-25 12:29:02,020 [ERROR]: Sequence input must be a string.
2025-09-25 12:29:02,023 [ERROR]: Uracil (U) found in sequence, check that sequence is DNA not RNA.
2025-09-25 12:29:02,025 [ERROR]: Invalid base found in sequence, only use ATGC characters.
2025-09-25 12:29:19,403 [ERROR]: Chunking failed with exception: unsupported operand type(s) for +: 'int' and 'str'
2025-09-25 12:29:19,411 [ERROR]: Sequence input must be a string.
2025-09-25 12:29:19,413 [ERROR]: Uracil (U) found in sequence, check that sequence is DNA not RNA.
2025-09-25 12:29:19,415 [ERROR]: Invalid base found in sequence, only use ATGC characters.
